#
# A fatal error has been detected by the Java Runtime Environment:
#
#  EXCEPTION_ACCESS_VIOLATION (0xc0000005) at pc=0x000000346b856b80, pid=5400, tid=3716
#
# JRE version: Java(TM) SE Runtime Environment (11.0.3+12) (build 11.0.3+12-LTS)
# Java VM: Java HotSpot(TM) 64-Bit Server VM (11.0.3+12-LTS, mixed mode, tiered, compressed oops, g1 gc, windows-amd64)
# Problematic frame:
# C  0x000000346b856b80
#
# No core dump will be written. Minidumps are not enabled by default on client versions of Windows
#
# If you would like to submit a bug report, please visit:
#   http://bugreport.java.com/bugreport/crash.jsp
#

---------------  S U M M A R Y ------------

Command Line: -Dclassworlds.conf=C:\Program Files\NetBeans-11.2\netbeans\java\maven\bin\m2.conf -Dmaven.home=C:\Program Files\NetBeans-11.2\netbeans\java\maven -Dmaven.multiModuleProjectDirectory=C:\Users\lehm\Documents\NetBeansProjects\JSF-EJB-JPA-Crud-Example-master\JSF-EJB-JPA-Crud-Example-master org.codehaus.plexus.classworlds.launcher.Launcher -Dnetbeans.deploy=true -Dmaven.ext.class.path=C:\Program Files\NetBeans-11.2\netbeans\java\maven-nblib\netbeans-eventspy.jar -Dfile.encoding=UTF-8 package

Host: AMD Phenom(tm) II X4 955 Processor, 4 cores, 3G,  Windows 8.1 , 64 bit Build 9600 (6.3.9600.17415)
Time: Fri Mar 20 14:50:13 2020 Hora estándar, América Central elapsed time: 2 seconds (0d 0h 0m 2s)

---------------  T H R E A D  ---------------

Current thread (0x000000348351f800):  JavaThread "main" [_thread_in_Java, id=3716, stack(0x0000003482bd0000,0x0000003482cd0000)]

Stack: [0x0000003482bd0000,0x0000003482cd0000],  sp=0x0000003482ccc998,  free space=1010k
Native frames: (J=compiled Java code, j=interpreted, Vv=VM code, C=native code)
C  0x000000346b856b80


siginfo: EXCEPTION_ACCESS_VIOLATION (0xc0000005), data execution prevention violation at address 0x000000346b856b80


Register to memory mapping:

RIP=0x000000346b856b80 is an unknown value
RAX=0x00000001000925c8 is a pointer to class: 
org.codehaus.plexus.util.xml.pull.MXParser {0x00000001000925d0}
RBX=0x00000001000925c8 is a pointer to class: 
org.codehaus.plexus.util.xml.pull.MXParser {0x00000001000925d0}
RCX=0x000000349aa30883 points into unknown readable memory: 20 20 20 20 20
RDX=0x00000000c4107a80 is an oop: org.codehaus.plexus.util.xml.pull.MXParser 
{0x00000000c4107a80} - klass: 'org/codehaus/plexus/util/xml/pull/MXParser'
RSP=0x0000003482ccc998 is pointing into the stack for thread: 0x000000348351f800
RBP=0x0000003482cccb60 is pointing into the stack for thread: 0x000000348351f800
RSI=0x00000000c4107a80 is an oop: org.codehaus.plexus.util.xml.pull.MXParser 
{0x00000000c4107a80} - klass: 'org/codehaus/plexus/util/xml/pull/MXParser'
RDI=0x00000000c4110692 is pointing into object: [B 
{0x00000000c4110678} - klass: {type array byte}
 - length: 10
R8 =0x00000000c4107a80 is an oop: org.codehaus.plexus.util.xml.pull.MXParser 
{0x00000000c4107a80} - klass: 'org/codehaus/plexus/util/xml/pull/MXParser'
R9 =0x000000000000000a is an unknown value
R10=0x0000003482cd1000 points into unknown readable memory: 00 00 00 00 00 00 00 00
R11=0x00000000c41101b0 is an oop: java.util.HashMap 
{0x00000000c41101b0} - klass: 'java/util/HashMap'
R12=0x0 is NULL
R13=0x000000000e57ecda is an unknown value
R14=0x000000349a410000 is an unknown value
R15=0x000000348351f800 is a thread


Registers:
RAX=0x00000001000925c8, RBX=0x00000001000925c8, RCX=0x000000349aa30883, RDX=0x00000000c4107a80
RSP=0x0000003482ccc998, RBP=0x0000003482cccb60, RSI=0x00000000c4107a80, RDI=0x00000000c4110692
R8 =0x00000000c4107a80, R9 =0x000000000000000a, R10=0x0000003482cd1000, R11=0x00000000c41101b0
R12=0x0000000000000000, R13=0x000000000e57ecda, R14=0x000000349a410000, R15=0x000000348351f800
RIP=0x000000346b856b80, EFLAGS=0x0000000000010246

Top of Stack: (sp=0x0000003482ccc998)
0x0000003482ccc998:   000000348c35be4c 00000000c4110110
0x0000003482ccc9a8:   000000000000033c 0000000000000000
0x0000003482ccc9b8:   0000000000000000 0000003482ccca30
0x0000003482ccc9c8:   000000348b839840 000000348b8395d0
0x0000003482ccc9d8:   000000348b839840 00000000c4107a80
0x0000003482ccc9e8:   0000003482ccc9e8 000000349fea1002
0x0000003482ccc9f8:   0000003482ccca68 000000349fea5be0
0x0000003482ccca08:   000000349feb6328 00000000c20d9c00
0x0000003482ccca18:   000000349fea11e0 0000000000000000
0x0000003482ccca28:   0000003482ccca70 00000000c4107a80
0x0000003482ccca38:   0000000000000000 00000000c4107a58
0x0000003482ccca48:   00000000c410fe28 00000000c4110110
0x0000003482ccca58:   00000000c410ff48 00000000c41101a0
0x0000003482ccca68:   00000000c4107a80 0000003482ccca70
0x0000003482ccca78:   000000349fe8cc90 0000003482cccac8
0x0000003482ccca88:   000000349fea5be0 0000000000000000 

Instructions: (pc=0x000000346b856b80)
0x000000346b856b60:   
[error occurred during error reporting (printing registers, top of stack, instructions near pc), id 0xc0000005, EXCEPTION_ACCESS_VIOLATION (0xc0000005) at pc=0x00007ffe97588fd3]

Stack slot to memory mapping:
stack at sp + 0 slots: 0x000000348c35be4c is at entry_point+1836 in (nmethod*)0x000000348c35ab90
stack at sp + 1 slots: 0x00000000c4110110 is an oop: org.apache.maven.model.Model 
{0x00000000c4110110} - klass: 'org/apache/maven/model/Model'
stack at sp + 2 slots: 0x000000000000033c is an unknown value
stack at sp + 3 slots: 0x0 is NULL
stack at sp + 4 slots: 0x0 is NULL
stack at sp + 5 slots: 0x0000003482ccca30 is pointing into the stack for thread: 0x000000348351f800
stack at sp + 6 slots: 0x000000348b839840 is at code_begin+832 in an Interpreter codelet
invoke return entry points  [0x000000348b839500, 0x000000348b839ee0]  2528 bytes
stack at sp + 7 slots: 0x000000348b8395d0 is at code_begin+208 in an Interpreter codelet
invoke return entry points  [0x000000348b839500, 0x000000348b839ee0]  2528 bytes


---------------  P R O C E S S  ---------------

Threads class SMR info:
_java_thread_list=0x00000034a169e940, length=11, elements={
0x000000348351f800, 0x000000349f6dd800, 0x000000349f6e7000, 0x000000349f6f6000,
0x000000349f6f9000, 0x000000349f6fa000, 0x000000349f701800, 0x000000349f709000,
0x00000034a04b6800, 0x00000034a04ca800, 0x00000034a1dc0000
}

Java Threads: ( => current thread )
=>0x000000348351f800 JavaThread "main" [_thread_in_Java, id=3716, stack(0x0000003482bd0000,0x0000003482cd0000)]
  0x000000349f6dd800 JavaThread "Reference Handler" daemon [_thread_blocked, id=3232, stack(0x00000034a0040000,0x00000034a0140000)]
  0x000000349f6e7000 JavaThread "Finalizer" daemon [_thread_blocked, id=3008, stack(0x00000034a0140000,0x00000034a0240000)]
  0x000000349f6f6000 JavaThread "Signal Dispatcher" daemon [_thread_blocked, id=5588, stack(0x00000034a0740000,0x00000034a0840000)]
  0x000000349f6f9000 JavaThread "Attach Listener" daemon [_thread_blocked, id=1404, stack(0x00000034a0840000,0x00000034a0940000)]
  0x000000349f6fa000 JavaThread "C2 CompilerThread0" daemon [_thread_blocked, id=5420, stack(0x00000034a0940000,0x00000034a0a40000)]
  0x000000349f701800 JavaThread "C1 CompilerThread0" daemon [_thread_blocked, id=4100, stack(0x00000034a0a40000,0x00000034a0b40000)]
  0x000000349f709000 JavaThread "Sweeper thread" daemon [_thread_blocked, id=4116, stack(0x00000034a0b40000,0x00000034a0c40000)]
  0x00000034a04b6800 JavaThread "Service Thread" daemon [_thread_blocked, id=4120, stack(0x00000034a0c40000,0x00000034a0d40000)]
  0x00000034a04ca800 JavaThread "Common-Cleaner" daemon [_thread_blocked, id=4124, stack(0x00000034a0e40000,0x00000034a0f40000)]
  0x00000034a1dc0000 JavaThread "C2 CompilerThread1" daemon [_thread_blocked, id=4136, stack(0x00000034a1c40000,0x00000034a1d40000)]

Other Threads:
  0x000000349f6b4000 VMThread "VM Thread" [stack: 0x000000349ff40000,0x00000034a0040000] [id=2672]
  0x00000034a04ca000 WatcherThread [stack: 0x00000034a0d40000,0x00000034a0e40000] [id=2180]
  0x0000003483535800 GCTaskThread "GC Thread#0" [stack: 0x0000003482ee0000,0x0000003482fe0000] [id=1948]
  0x00000034a1379000 GCTaskThread "GC Thread#1" [stack: 0x00000034a1940000,0x00000034a1a40000] [id=4132]
  0x000000348354f000 ConcurrentGCThread "G1 Main Marker" [stack: 0x000000349cd00000,0x000000349ce00000] [id=3136]
  0x0000003483550800 ConcurrentGCThread "G1 Conc#0" [stack: 0x000000349ce00000,0x000000349cf00000] [id=3388]
  0x000000348359a800 ConcurrentGCThread "G1 Refine#0" [stack: 0x000000349f340000,0x000000349f440000] [id=3724]
  0x000000348359b800 ConcurrentGCThread "G1 Young RemSet Sampling" [stack: 0x000000349f440000,0x000000349f540000] [id=3572]

Threads with active compile tasks:

VM state:not at safepoint (normal execution)

VM Mutex/Monitor currently owned by a thread: None

Heap address: 0x00000000c2000000, size: 992 MB, Compressed Oops mode: 32-bit
Narrow klass base: 0x0000000000000000, Narrow klass shift: 3
Compressed class space size: 1073741824 Address: 0x0000000100000000

Heap:
 garbage-first heap   total 63488K, used 35840K [0x00000000c2000000, 0x0000000100000000)
  region size 1024K, 33 young (33792K), 4 survivors (4096K)
 Metaspace       used 20458K, capacity 20846K, committed 20992K, reserved 1069056K
  class space    used 2185K, capacity 2290K, committed 2304K, reserved 1048576K
Heap Regions: E=young(eden), S=young(survivor), O=old, HS=humongous(starts), HC=humongous(continues), CS=collection set, F=free, A=archive, TAMS=top-at-mark-start (previous, next)
|   0|0x00000000c2000000, 0x00000000c2100000, 0x00000000c2100000|100%| O|  |TAMS 0x00000000c2000000, 0x00000000c2000000| Untracked 
|   1|0x00000000c2100000, 0x00000000c2200000, 0x00000000c2200000|100%| O|  |TAMS 0x00000000c2100000, 0x00000000c2100000| Untracked 
|   2|0x00000000c2200000, 0x00000000c2300000, 0x00000000c2300000|100%| O|  |TAMS 0x00000000c2200000, 0x00000000c2200000| Untracked 
|   3|0x00000000c2300000, 0x00000000c2300000, 0x00000000c2400000|  0%| F|  |TAMS 0x00000000c2300000, 0x00000000c2300000| Untracked 
|   4|0x00000000c2400000, 0x00000000c2400000, 0x00000000c2500000|  0%| F|  |TAMS 0x00000000c2400000, 0x00000000c2400000| Untracked 
|   5|0x00000000c2500000, 0x00000000c2500000, 0x00000000c2600000|  0%| F|  |TAMS 0x00000000c2500000, 0x00000000c2500000| Untracked 
|   6|0x00000000c2600000, 0x00000000c2600000, 0x00000000c2700000|  0%| F|  |TAMS 0x00000000c2600000, 0x00000000c2600000| Untracked 
|   7|0x00000000c2700000, 0x00000000c2700000, 0x00000000c2800000|  0%| F|  |TAMS 0x00000000c2700000, 0x00000000c2700000| Untracked 
|   8|0x00000000c2800000, 0x00000000c2800000, 0x00000000c2900000|  0%| F|  |TAMS 0x00000000c2800000, 0x00000000c2800000| Untracked 
|   9|0x00000000c2900000, 0x00000000c2900000, 0x00000000c2a00000|  0%| F|  |TAMS 0x00000000c2900000, 0x00000000c2900000| Untracked 
|  10|0x00000000c2a00000, 0x00000000c2a00000, 0x00000000c2b00000|  0%| F|  |TAMS 0x00000000c2a00000, 0x00000000c2a00000| Untracked 
|  11|0x00000000c2b00000, 0x00000000c2b00000, 0x00000000c2c00000|  0%| F|  |TAMS 0x00000000c2b00000, 0x00000000c2b00000| Untracked 
|  12|0x00000000c2c00000, 0x00000000c2c00000, 0x00000000c2d00000|  0%| F|  |TAMS 0x00000000c2c00000, 0x00000000c2c00000| Untracked 
|  13|0x00000000c2d00000, 0x00000000c2d00000, 0x00000000c2e00000|  0%| F|  |TAMS 0x00000000c2d00000, 0x00000000c2d00000| Untracked 
|  14|0x00000000c2e00000, 0x00000000c2e00000, 0x00000000c2f00000|  0%| F|  |TAMS 0x00000000c2e00000, 0x00000000c2e00000| Untracked 
|  15|0x00000000c2f00000, 0x00000000c2f00000, 0x00000000c3000000|  0%| F|  |TAMS 0x00000000c2f00000, 0x00000000c2f00000| Untracked 
|  16|0x00000000c3000000, 0x00000000c3000000, 0x00000000c3100000|  0%| F|  |TAMS 0x00000000c3000000, 0x00000000c3000000| Untracked 
|  17|0x00000000c3100000, 0x00000000c3100000, 0x00000000c3200000|  0%| F|  |TAMS 0x00000000c3100000, 0x00000000c3100000| Untracked 
|  18|0x00000000c3200000, 0x00000000c3200000, 0x00000000c3300000|  0%| F|  |TAMS 0x00000000c3200000, 0x00000000c3200000| Untracked 
|  19|0x00000000c3300000, 0x00000000c3300000, 0x00000000c3400000|  0%| F|  |TAMS 0x00000000c3300000, 0x00000000c3300000| Untracked 
|  20|0x00000000c3400000, 0x00000000c3400000, 0x00000000c3500000|  0%| F|  |TAMS 0x00000000c3400000, 0x00000000c3400000| Untracked 
|  21|0x00000000c3500000, 0x00000000c3500000, 0x00000000c3600000|  0%| F|  |TAMS 0x00000000c3500000, 0x00000000c3500000| Untracked 
|  22|0x00000000c3600000, 0x00000000c3600000, 0x00000000c3700000|  0%| F|  |TAMS 0x00000000c3600000, 0x00000000c3600000| Untracked 
|  23|0x00000000c3700000, 0x00000000c3700000, 0x00000000c3800000|  0%| F|  |TAMS 0x00000000c3700000, 0x00000000c3700000| Untracked 
|  24|0x00000000c3800000, 0x00000000c3800000, 0x00000000c3900000|  0%| F|  |TAMS 0x00000000c3800000, 0x00000000c3800000| Untracked 
|  25|0x00000000c3900000, 0x00000000c3900000, 0x00000000c3a00000|  0%| F|  |TAMS 0x00000000c3900000, 0x00000000c3900000| Untracked 
|  26|0x00000000c3a00000, 0x00000000c3b00000, 0x00000000c3b00000|100%| S|CS|TAMS 0x00000000c3a00000, 0x00000000c3a00000| Complete 
|  27|0x00000000c3b00000, 0x00000000c3c00000, 0x00000000c3c00000|100%| S|CS|TAMS 0x00000000c3b00000, 0x00000000c3b00000| Complete 
|  28|0x00000000c3c00000, 0x00000000c3d00000, 0x00000000c3d00000|100%| S|CS|TAMS 0x00000000c3c00000, 0x00000000c3c00000| Complete 
|  29|0x00000000c3d00000, 0x00000000c3e00000, 0x00000000c3e00000|100%| S|CS|TAMS 0x00000000c3d00000, 0x00000000c3d00000| Complete 
|  30|0x00000000c3e00000, 0x00000000c3e00000, 0x00000000c3f00000|  0%| F|  |TAMS 0x00000000c3e00000, 0x00000000c3e00000| Untracked 
|  31|0x00000000c3f00000, 0x00000000c3f00000, 0x00000000c4000000|  0%| F|  |TAMS 0x00000000c3f00000, 0x00000000c3f00000| Untracked 
|  32|0x00000000c4000000, 0x00000000c4000000, 0x00000000c4100000|  0%| F|  |TAMS 0x00000000c4000000, 0x00000000c4000000| Untracked 
|  33|0x00000000c4100000, 0x00000000c4181010, 0x00000000c4200000| 50%| E|  |TAMS 0x00000000c4100000, 0x00000000c4100000| Complete 
|  34|0x00000000c4200000, 0x00000000c4300000, 0x00000000c4300000|100%| E|CS|TAMS 0x00000000c4200000, 0x00000000c4200000| Complete 
|  35|0x00000000c4300000, 0x00000000c4400000, 0x00000000c4400000|100%| E|CS|TAMS 0x00000000c4300000, 0x00000000c4300000| Complete 
|  36|0x00000000c4400000, 0x00000000c4500000, 0x00000000c4500000|100%| E|CS|TAMS 0x00000000c4400000, 0x00000000c4400000| Complete 
|  37|0x00000000c4500000, 0x00000000c4600000, 0x00000000c4600000|100%| E|CS|TAMS 0x00000000c4500000, 0x00000000c4500000| Complete 
|  38|0x00000000c4600000, 0x00000000c4700000, 0x00000000c4700000|100%| E|CS|TAMS 0x00000000c4600000, 0x00000000c4600000| Complete 
|  39|0x00000000c4700000, 0x00000000c4800000, 0x00000000c4800000|100%| E|CS|TAMS 0x00000000c4700000, 0x00000000c4700000| Complete 
|  40|0x00000000c4800000, 0x00000000c4900000, 0x00000000c4900000|100%| E|CS|TAMS 0x00000000c4800000, 0x00000000c4800000| Complete 
|  41|0x00000000c4900000, 0x00000000c4a00000, 0x00000000c4a00000|100%| E|CS|TAMS 0x00000000c4900000, 0x00000000c4900000| Complete 
|  42|0x00000000c4a00000, 0x00000000c4b00000, 0x00000000c4b00000|100%| E|CS|TAMS 0x00000000c4a00000, 0x00000000c4a00000| Complete 
|  43|0x00000000c4b00000, 0x00000000c4c00000, 0x00000000c4c00000|100%| E|CS|TAMS 0x00000000c4b00000, 0x00000000c4b00000| Complete 
|  44|0x00000000c4c00000, 0x00000000c4d00000, 0x00000000c4d00000|100%| E|CS|TAMS 0x00000000c4c00000, 0x00000000c4c00000| Complete 
|  45|0x00000000c4d00000, 0x00000000c4e00000, 0x00000000c4e00000|100%| E|CS|TAMS 0x00000000c4d00000, 0x00000000c4d00000| Complete 
|  46|0x00000000c4e00000, 0x00000000c4f00000, 0x00000000c4f00000|100%| E|CS|TAMS 0x00000000c4e00000, 0x00000000c4e00000| Complete 
|  47|0x00000000c4f00000, 0x00000000c5000000, 0x00000000c5000000|100%| E|CS|TAMS 0x00000000c4f00000, 0x00000000c4f00000| Complete 
|  48|0x00000000c5000000, 0x00000000c5100000, 0x00000000c5100000|100%| E|CS|TAMS 0x00000000c5000000, 0x00000000c5000000| Complete 
|  49|0x00000000c5100000, 0x00000000c5200000, 0x00000000c5200000|100%| E|CS|TAMS 0x00000000c5100000, 0x00000000c5100000| Complete 
|  50|0x00000000c5200000, 0x00000000c5300000, 0x00000000c5300000|100%| E|CS|TAMS 0x00000000c5200000, 0x00000000c5200000| Complete 
|  51|0x00000000c5300000, 0x00000000c5400000, 0x00000000c5400000|100%| E|CS|TAMS 0x00000000c5300000, 0x00000000c5300000| Complete 
|  52|0x00000000c5400000, 0x00000000c5500000, 0x00000000c5500000|100%| E|CS|TAMS 0x00000000c5400000, 0x00000000c5400000| Complete 
|  53|0x00000000c5500000, 0x00000000c5600000, 0x00000000c5600000|100%| E|CS|TAMS 0x00000000c5500000, 0x00000000c5500000| Complete 
|  54|0x00000000c5600000, 0x00000000c5700000, 0x00000000c5700000|100%| E|CS|TAMS 0x00000000c5600000, 0x00000000c5600000| Complete 
|  55|0x00000000c5700000, 0x00000000c5800000, 0x00000000c5800000|100%| E|CS|TAMS 0x00000000c5700000, 0x00000000c5700000| Complete 
|  56|0x00000000c5800000, 0x00000000c5900000, 0x00000000c5900000|100%| E|CS|TAMS 0x00000000c5800000, 0x00000000c5800000| Complete 
|  57|0x00000000c5900000, 0x00000000c5a00000, 0x00000000c5a00000|100%| E|CS|TAMS 0x00000000c5900000, 0x00000000c5900000| Complete 
|  58|0x00000000c5a00000, 0x00000000c5b00000, 0x00000000c5b00000|100%| E|CS|TAMS 0x00000000c5a00000, 0x00000000c5a00000| Complete 
|  59|0x00000000c5b00000, 0x00000000c5c00000, 0x00000000c5c00000|100%| E|CS|TAMS 0x00000000c5b00000, 0x00000000c5b00000| Complete 
|  60|0x00000000c5c00000, 0x00000000c5d00000, 0x00000000c5d00000|100%| E|CS|TAMS 0x00000000c5c00000, 0x00000000c5c00000| Complete 
|  61|0x00000000c5d00000, 0x00000000c5e00000, 0x00000000c5e00000|100%| E|CS|TAMS 0x00000000c5d00000, 0x00000000c5d00000| Complete 

Card table byte_map: [0x000000349aa20000,0x000000349ac10000] _byte_map_base: 0x000000349a410000

Marking Bits (Prev, Next): (CMBitMap*) 0x000000348354a8c8, (CMBitMap*) 0x000000348354a900
 Prev Bits: [0x000000349ae00000, 0x000000349bd80000)
 Next Bits: [0x000000349bd80000, 0x000000349cd00000)

Polling page: 0x0000003482cd0000

Metaspace:

Usage:
  Non-class:     18.12 MB capacity,    17.84 MB ( 98%) used,   259.69 KB (  1%) free+waste,    23.50 KB ( <1%) overhead. 
      Class:      2.24 MB capacity,     2.13 MB ( 95%) used,    95.13 KB (  4%) free+waste,     9.38 KB ( <1%) overhead. 
       Both:     20.36 MB capacity,    19.98 MB ( 98%) used,   354.82 KB (  2%) free+waste,    32.88 KB ( <1%) overhead. 

Virtual space:
  Non-class space:       20.00 MB reserved,      18.25 MB ( 91%) committed 
      Class space:        1.00 GB reserved,       2.25 MB ( <1%) committed 
             Both:        1.02 GB reserved,      20.50 MB (  2%) committed 

Chunk freelists:
   Non-Class:  512 bytes
       Class:  1.75 KB
        Both:  2.25 KB

CodeHeap 'non-profiled nmethods': size=120064Kb used=1273Kb max_used=1273Kb free=118790Kb
 bounds [0x00000034932f0000, 0x0000003493560000, 0x000000349a830000]
CodeHeap 'profiled nmethods': size=120000Kb used=5776Kb max_used=5776Kb free=114223Kb
 bounds [0x000000348bdc0000, 0x000000348c370000, 0x00000034932f0000]
CodeHeap 'non-nmethods': size=5696Kb used=1096Kb max_used=1135Kb free=4599Kb
 bounds [0x000000348b830000, 0x000000348baa0000, 0x000000348bdc0000]
 total_blobs=3911 nmethods=2947 adapters=322
 compilation: enabled
              stopped_count=0, restarted_count=0
 full_count=0

Compilation events (10 events):
Event: 2.519 Thread 0x000000349f701800 2945       1       org.apache.maven.model.ReportPlugin::getArtifactId (5 bytes)
Event: 2.519 Thread 0x000000349f6fa000 nmethod 2502 0x000000349341f610 code [0x000000349341f7c0, 0x000000349341f918]
Event: 2.519 Thread 0x000000349f6fa000 2507       4       jdk.internal.reflect.UnsafeQualifiedStaticObjectFieldAccessorImpl::get (15 bytes)
Event: 2.519 Thread 0x000000349f701800 nmethod 2945 0x000000349341fa90 code [0x000000349341fc40, 0x000000349341fd58]
Event: 2.519 Thread 0x000000349f701800 2950       1       org.apache.maven.model.ReportPlugin::getVersion (5 bytes)
Event: 2.519 Thread 0x000000349f701800 nmethod 2950 0x000000349341fe10 code [0x000000349341ffc0, 0x00000034934200d8]
Event: 2.519 Thread 0x000000349f701800 2946       1       org.apache.maven.model.ReportPlugin::setVersion (6 bytes)
Event: 2.520 Thread 0x000000349f701800 nmethod 2946 0x0000003493420190 code [0x0000003493420340, 0x0000003493420498]
Event: 2.520 Thread 0x000000349f701800 2951       1       org.eclipse.aether.util.version.GenericVersionConstraint::getVersion (5 bytes)
Event: 2.520 Thread 0x000000349f701800 nmethod 2951 0x0000003493420510 code [0x00000034934206c0, 0x00000034934207d8]

GC Heap History (8 events):
Event: 0.628 GC heap before
{Heap before GC invocations=0 (full 0):
 garbage-first heap   total 63488K, used 13312K [0x00000000c2000000, 0x0000000100000000)
  region size 1024K, 14 young (14336K), 0 survivors (0K)
 Metaspace       used 10978K, capacity 11183K, committed 11520K, reserved 1058816K
  class space    used 1099K, capacity 1154K, committed 1280K, reserved 1048576K
}
Event: 0.636 GC heap after
{Heap after GC invocations=1 (full 0):
 garbage-first heap   total 63488K, used 2918K [0x00000000c2000000, 0x0000000100000000)
  region size 1024K, 2 young (2048K), 2 survivors (2048K)
 Metaspace       used 10978K, capacity 11183K, committed 11520K, reserved 1058816K
  class space    used 1099K, capacity 1154K, committed 1280K, reserved 1048576K
}
Event: 0.791 GC heap before
{Heap before GC invocations=1 (full 0):
 garbage-first heap   total 63488K, used 14182K [0x00000000c2000000, 0x0000000100000000)
  region size 1024K, 13 young (13312K), 2 survivors (2048K)
 Metaspace       used 12221K, capacity 12408K, committed 12672K, reserved 1060864K
  class space    used 1266K, capacity 1349K, committed 1408K, reserved 1048576K
}
Event: 0.797 GC heap after
{Heap after GC invocations=2 (full 0):
 garbage-first heap   total 63488K, used 3490K [0x00000000c2000000, 0x0000000100000000)
  region size 1024K, 1 young (1024K), 1 survivors (1024K)
 Metaspace       used 12221K, capacity 12408K, committed 12672K, reserved 1060864K
  class space    used 1266K, capacity 1349K, committed 1408K, reserved 1048576K
}
Event: 1.352 GC heap before
{Heap before GC invocations=2 (full 0):
 garbage-first heap   total 63488K, used 28066K [0x00000000c2000000, 0x0000000100000000)
  region size 1024K, 26 young (26624K), 1 survivors (1024K)
 Metaspace       used 16226K, capacity 16503K, committed 16768K, reserved 1064960K
  class space    used 1775K, capacity 1876K, committed 1920K, reserved 1048576K
}
Event: 1.357 GC heap after
{Heap after GC invocations=3 (full 0):
 garbage-first heap   total 63488K, used 4778K [0x00000000c2000000, 0x0000000100000000)
  region size 1024K, 2 young (2048K), 2 survivors (2048K)
 Metaspace       used 16226K, capacity 16503K, committed 16768K, reserved 1064960K
  class space    used 1775K, capacity 1876K, committed 1920K, reserved 1048576K
}
Event: 2.033 GC heap before
{Heap before GC invocations=3 (full 0):
 garbage-first heap   total 63488K, used 35498K [0x00000000c2000000, 0x0000000100000000)
  region size 1024K, 32 young (32768K), 2 survivors (2048K)
 Metaspace       used 19954K, capacity 20378K, committed 20480K, reserved 1067008K
  class space    used 2164K, capacity 2284K, committed 2304K, reserved 1048576K
}
Event: 2.045 GC heap after
{Heap after GC invocations=4 (full 0):
 garbage-first heap   total 63488K, used 7168K [0x00000000c2000000, 0x0000000100000000)
  region size 1024K, 4 young (4096K), 4 survivors (4096K)
 Metaspace       used 19954K, capacity 20378K, committed 20480K, reserved 1067008K
  class space    used 2164K, capacity 2284K, committed 2304K, reserved 1048576K
}

Deoptimization events (10 events):
Event: 1.999 Thread 0x000000348351f800 Uncommon trap: reason=unstable_if action=reinterpret pc=0x00000034933b84c8 method=org.codehaus.plexus.util.xml.pull.MXParser.nextImpl()I @ 280 c2
Event: 2.008 Thread 0x000000348351f800 Uncommon trap: reason=unstable_if action=reinterpret pc=0x00000034933b99d0 method=java.lang.StringLatin1.trim([B)Ljava/lang/String; @ 60 c2
Event: 2.067 Thread 0x000000348351f800 Uncommon trap: reason=speculate_class_check action=maybe_recompile pc=0x00000034933cd4a0 method=jdk.internal.reflect.UnsafeObjectFieldAccessorImpl.get(Ljava/lang/Object;)Ljava/lang/Object; @ 13 c2
Event: 2.067 Thread 0x000000348351f800 Uncommon trap: reason=speculate_class_check action=maybe_recompile pc=0x00000034933cd4a0 method=jdk.internal.reflect.UnsafeObjectFieldAccessorImpl.get(Ljava/lang/Object;)Ljava/lang/Object; @ 13 c2
Event: 2.067 Thread 0x000000348351f800 Uncommon trap: reason=speculate_class_check action=maybe_recompile pc=0x00000034933cd4a0 method=jdk.internal.reflect.UnsafeObjectFieldAccessorImpl.get(Ljava/lang/Object;)Ljava/lang/Object; @ 13 c2
Event: 2.067 Thread 0x000000348351f800 Uncommon trap: reason=speculate_class_check action=maybe_recompile pc=0x00000034933cd4a0 method=jdk.internal.reflect.UnsafeObjectFieldAccessorImpl.get(Ljava/lang/Object;)Ljava/lang/Object; @ 13 c2
Event: 2.163 Thread 0x000000348351f800 Uncommon trap: reason=predicate action=maybe_recompile pc=0x00000034933bea1c method=java.nio.charset.CharsetDecoder.decode(Ljava/nio/ByteBuffer;Ljava/nio/CharBuffer;Z)Ljava/nio/charset/CoderResult; @ 54 c2
Event: 2.164 Thread 0x000000348351f800 Uncommon trap: reason=predicate action=maybe_recompile pc=0x0000003493339024 method=java.nio.charset.CharsetDecoder.decode(Ljava/nio/ByteBuffer;Ljava/nio/CharBuffer;Z)Ljava/nio/charset/CoderResult; @ 54 c2
Event: 2.166 Thread 0x000000348351f800 Uncommon trap: reason=predicate action=maybe_recompile pc=0x00000034933b3118 method=java.nio.charset.CharsetDecoder.decode(Ljava/nio/ByteBuffer;Ljava/nio/CharBuffer;Z)Ljava/nio/charset/CoderResult; @ 54 c2
Event: 2.198 Thread 0x000000348351f800 Uncommon trap: reason=unstable_if action=reinterpret pc=0x000000349338af8c method=java.util.HashMap.getNode(ILjava/lang/Object;)Ljava/util/HashMap$Node; @ 53 c2

Classes redefined (0 events):
No events

Internal exceptions (7 events):
Event: 0.401 Thread 0x000000348351f800 Exception <a 'java/lang/NoSuchMethodError'{0x00000000c58f0978}: java.lang.invoke.DirectMethodHandle$Holder.invokeSpecialIFC(Ljava/lang/Object;Ljava/lang/Object;I)I> (0x00000000c58f0978) thrown at [t:/workspace/open/src/hotspot/share/interpreter/linkResolv
Event: 1.472 Thread 0x000000348351f800 Exception <a 'java/lang/NoClassDefFoundError'{0x00000000c5980dc0}: com/google/inject/servlet/ServletModuleTargetVisitor> (0x00000000c5980dc0) thrown at [t:/workspace/open/src/hotspot/share/classfile/systemDictionary.cpp, line 220]
Event: 1.472 Thread 0x000000348351f800 Exception <a 'java/lang/NoClassDefFoundError'{0x00000000c5980dc0}> (0x00000000c5980dc0) thrown at [t:/workspace/open/src/hotspot/share/prims/jvm.cpp, line 1311]
Event: 1.472 Thread 0x000000348351f800 Exception <a 'java/lang/NoClassDefFoundError'{0x00000000c5983e80}: javax/annotation/Priority> (0x00000000c5983e80) thrown at [t:/workspace/open/src/hotspot/share/classfile/systemDictionary.cpp, line 220]
Event: 1.577 Thread 0x000000348351f800 Exception <a 'java/lang/NoSuchMethodError'{0x00000000c55986f0}: java.lang.invoke.DirectMethodHandle$Holder.invokeStaticInit(Ljava/lang/Object;IIII)Ljava/lang/Object;> (0x00000000c55986f0) thrown at [t:/workspace/open/src/hotspot/share/interpreter/linkReso
Event: 1.870 Thread 0x000000348351f800 Implicit null exception at 0x0000003493332075 to 0x000000349333223a
Event: 1.870 Thread 0x000000348351f800 Implicit null exception at 0x00000034933166af to 0x000000349331671d

Events (10 events):
Event: 2.209 loading class org/apache/maven/plugin/descriptor/PluginDescriptor
Event: 2.209 loading class org/apache/maven/plugin/descriptor/PluginDescriptor done
Event: 2.210 loading class org/apache/maven/plugin/DefaultPluginRealmCache$CacheKey
Event: 2.210 loading class org/apache/maven/plugin/DefaultPluginRealmCache$CacheKey done
Event: 2.211 loading class org/apache/maven/plugin/internal/PlexusUtilsInjector
Event: 2.211 loading class org/apache/maven/plugin/internal/PlexusUtilsInjector done
Event: 2.211 loading class org/apache/maven/plugin/internal/WagonExcluder
Event: 2.211 loading class org/apache/maven/plugin/internal/WagonExcluder done
Event: 2.494 loading class java/util/stream/IntStream
Event: 2.494 loading class java/util/stream/IntStream done


Dynamic libraries:
0x00007ff69e090000 - 0x00007ff69e0d7000 	C:\Program Files\Java\jdk-11.0.3\bin\java.exe
0x00007ffeaf2a0000 - 0x00007ffeaf44d000 	C:\Windows\SYSTEM32\ntdll.dll
0x00007ffeaeed0000 - 0x00007ffeaf00e000 	C:\Windows\system32\KERNEL32.DLL
0x00007ffeac4f0000 - 0x00007ffeac606000 	C:\Windows\system32\KERNELBASE.dll
0x00007ffeaf1e0000 - 0x00007ffeaf28a000 	C:\Windows\system32\ADVAPI32.dll
0x00007ffeaf010000 - 0x00007ffeaf187000 	C:\Windows\system32\USER32.dll
0x00007ffeaa4c0000 - 0x00007ffeaa73b000 	C:\Windows\WinSxS\amd64_microsoft.windows.common-controls_6595b64144ccf1df_6.0.9600.18006_none_623f33d3ecbe86e8\COMCTL32.dll
0x00007ffea9be0000 - 0x00007ffea9bea000 	C:\Windows\SYSTEM32\VERSION.dll
0x00007ffeaeab0000 - 0x00007ffeaeb5a000 	C:\Windows\system32\msvcrt.dll
0x00007ffeae3f0000 - 0x00007ffeae449000 	C:\Windows\SYSTEM32\sechost.dll
0x00007ffeae720000 - 0x00007ffeae860000 	C:\Windows\system32\RPCRT4.dll
0x00007ffeae080000 - 0x00007ffeae1cb000 	C:\Windows\system32\GDI32.dll
0x00007ffeac720000 - 0x00007ffeac74e000 	C:\Windows\system32\SspiCli.dll
0x00007ffeaf1a0000 - 0x00007ffeaf1d6000 	C:\Windows\system32\IMM32.DLL
0x00007ffeaeb70000 - 0x00007ffeaecc1000 	C:\Windows\system32\MSCTF.dll
0x00007ffea5e60000 - 0x00007ffea5e76000 	C:\Program Files\Java\jdk-11.0.3\bin\vcruntime140.dll
0x00007ffea5e30000 - 0x00007ffea5e34000 	C:\Program Files\Java\jdk-11.0.3\bin\api-ms-win-crt-runtime-l1-1-0.dll
0x00007ffea5e40000 - 0x00007ffea5e44000 	C:\Program Files\Java\jdk-11.0.3\bin\api-ms-win-crt-string-l1-1-0.dll
0x00007ffea5a90000 - 0x00007ffea5a93000 	C:\Program Files\Java\jdk-11.0.3\bin\api-ms-win-crt-heap-l1-1-0.dll
0x00007ffea5e50000 - 0x00007ffea5e54000 	C:\Program Files\Java\jdk-11.0.3\bin\api-ms-win-crt-stdio-l1-1-0.dll
0x00007ffea5e20000 - 0x00007ffea5e24000 	C:\Program Files\Java\jdk-11.0.3\bin\api-ms-win-crt-convert-l1-1-0.dll
0x00007ffe98900000 - 0x00007ffe989f6000 	C:\Program Files\Java\jdk-11.0.3\bin\ucrtbase.DLL
0x00007ffe98e60000 - 0x00007ffe98f0a000 	C:\Program Files\Java\jdk-11.0.3\bin\msvcp140.dll
0x00007ffea2b60000 - 0x00007ffea2b63000 	C:\Program Files\Java\jdk-11.0.3\bin\api-ms-win-crt-locale-l1-1-0.dll
0x00007ffea5c30000 - 0x00007ffea5c35000 	C:\Program Files\Java\jdk-11.0.3\bin\api-ms-win-crt-math-l1-1-0.dll
0x00007ffea1d10000 - 0x00007ffea1d15000 	C:\Program Files\Java\jdk-11.0.3\bin\api-ms-win-crt-multibyte-l1-1-0.dll
0x00007ffea5aa0000 - 0x00007ffea5aa3000 	C:\Program Files\Java\jdk-11.0.3\bin\api-ms-win-crt-time-l1-1-0.dll
0x00007ffea5ab0000 - 0x00007ffea5ab3000 	C:\Program Files\Java\jdk-11.0.3\bin\api-ms-win-crt-filesystem-l1-1-0.dll
0x00007ffea5e10000 - 0x00007ffea5e13000 	C:\Program Files\Java\jdk-11.0.3\bin\api-ms-win-crt-environment-l1-1-0.dll
0x00007ffea5e00000 - 0x00007ffea5e03000 	C:\Program Files\Java\jdk-11.0.3\bin\api-ms-win-crt-utility-l1-1-0.dll
0x00007ffe96f60000 - 0x00007ffe97a87000 	C:\Program Files\Java\jdk-11.0.3\bin\server\jvm.dll
0x00007ffea8640000 - 0x00007ffea8649000 	C:\Windows\SYSTEM32\WSOCK32.dll
0x00007ffea52b0000 - 0x00007ffea52d2000 	C:\Windows\SYSTEM32\WINMM.dll
0x00007ffeaf290000 - 0x00007ffeaf297000 	C:\Windows\system32\PSAPI.DLL
0x00007ffeac930000 - 0x00007ffeac98a000 	C:\Windows\system32\WS2_32.dll
0x00007ffea5280000 - 0x00007ffea52aa000 	C:\Windows\SYSTEM32\WINMMBASE.dll
0x00007ffeaee60000 - 0x00007ffeaee69000 	C:\Windows\system32\NSI.dll
0x00007ffeac4a0000 - 0x00007ffeac4ef000 	C:\Windows\SYSTEM32\cfgmgr32.dll
0x00007ffeab1e0000 - 0x00007ffeab208000 	C:\Windows\SYSTEM32\DEVOBJ.dll
0x00007ffea5a00000 - 0x00007ffea5a11000 	C:\Program Files\Java\jdk-11.0.3\bin\verify.dll
0x00007ffea5310000 - 0x00007ffea5499000 	C:\Windows\SYSTEM32\DBGHELP.DLL
0x00007ffea5a20000 - 0x00007ffea5a49000 	C:\Program Files\Java\jdk-11.0.3\bin\java.dll
0x00007ffea59e0000 - 0x00007ffea59f6000 	C:\Program Files\Java\jdk-11.0.3\bin\zip.dll
0x00007ffea59d0000 - 0x00007ffea59da000 	C:\Program Files\Java\jdk-11.0.3\bin\jimage.dll
0x00007ffeacb50000 - 0x00007ffeae07c000 	C:\Windows\system32\SHELL32.dll
0x00007ffeae1d0000 - 0x00007ffeae3e2000 	C:\Windows\SYSTEM32\combase.dll
0x00007ffeaee70000 - 0x00007ffeaeec4000 	C:\Windows\system32\SHLWAPI.dll
0x00007ffeaa940000 - 0x00007ffeaa9f2000 	C:\Windows\SYSTEM32\SHCORE.dll
0x00007ffeac3d0000 - 0x00007ffeac3e5000 	C:\Windows\SYSTEM32\profapi.dll
0x00007ffea2610000 - 0x00007ffea2629000 	C:\Program Files\Java\jdk-11.0.3\bin\net.dll
0x00007ffea4d40000 - 0x00007ffea4e07000 	C:\Windows\SYSTEM32\WINHTTP.dll
0x00007ffea7590000 - 0x00007ffea7715000 	C:\Windows\SYSTEM32\urlmon.dll
0x00007ffeac990000 - 0x00007ffeacb24000 	C:\Windows\system32\ole32.dll
0x00007ffea72c0000 - 0x00007ffea758a000 	C:\Windows\SYSTEM32\iertutil.dll
0x00007ffea6f90000 - 0x00007ffea72b1000 	C:\Windows\SYSTEM32\WININET.dll
0x00007ffeab9f0000 - 0x00007ffeaba11000 	C:\Windows\SYSTEM32\USERENV.dll
0x00007ffeabc60000 - 0x00007ffeabcb9000 	C:\Windows\system32\mswsock.dll
0x00007ffea25f0000 - 0x00007ffea2603000 	C:\Program Files\Java\jdk-11.0.3\bin\nio.dll

dbghelp: loaded successfully - version: 4.0.5 - missing functions: none
symbol engine: initialized successfully - sym options: 0x614 - pdb path: .;C:\Program Files\Java\jdk-11.0.3\bin;C:\Windows\SYSTEM32;C:\Windows\WinSxS\amd64_microsoft.windows.common-controls_6595b64144ccf1df_6.0.9600.18006_none_623f33d3ecbe86e8;C:\Program Files\Java\jdk-11.0.3\bin\server

VM Arguments:
jvm_args: -Dclassworlds.conf=C:\Program Files\NetBeans-11.2\netbeans\java\maven\bin\m2.conf -Dmaven.home=C:\Program Files\NetBeans-11.2\netbeans\java\maven -Dmaven.multiModuleProjectDirectory=C:\Users\lehm\Documents\NetBeansProjects\JSF-EJB-JPA-Crud-Example-master\JSF-EJB-JPA-Crud-Example-master 
java_command: org.codehaus.plexus.classworlds.launcher.Launcher -Dnetbeans.deploy=true -Dmaven.ext.class.path=C:\Program Files\NetBeans-11.2\netbeans\java\maven-nblib\netbeans-eventspy.jar -Dfile.encoding=UTF-8 package
java_class_path (initial): C:\Program Files\NetBeans-11.2\netbeans\java\maven\boot\plexus-classworlds-2.5.2.jar
Launcher Type: SUN_STANDARD

[Global flags]
     intx CICompilerCount                          = 3                                         {product} {ergonomic}
     uint ConcGCThreads                            = 1                                         {product} {ergonomic}
     uint G1ConcRefinementThreads                  = 4                                         {product} {ergonomic}
   size_t G1HeapRegionSize                         = 1048576                                   {product} {ergonomic}
    uintx GCDrainStackTargetSize                   = 64                                        {product} {ergonomic}
   size_t InitialHeapSize                          = 65011712                                  {product} {ergonomic}
   size_t MarkStackSize                            = 4194304                                   {product} {ergonomic}
   size_t MaxHeapSize                              = 1040187392                                {product} {ergonomic}
   size_t MaxNewSize                               = 623902720                                 {product} {ergonomic}
   size_t MinHeapDeltaBytes                        = 1048576                                   {product} {ergonomic}
    uintx NonNMethodCodeHeapSize                   = 5830092                                {pd product} {ergonomic}
    uintx NonProfiledCodeHeapSize                  = 122914074                              {pd product} {ergonomic}
    uintx ProfiledCodeHeapSize                     = 122914074                              {pd product} {ergonomic}
    uintx ReservedCodeCacheSize                    = 251658240                              {pd product} {ergonomic}
     bool SegmentedCodeCache                       = true                                      {product} {ergonomic}
     bool UseCompressedClassPointers               = true                                 {lp64_product} {ergonomic}
     bool UseCompressedOops                        = true                                 {lp64_product} {ergonomic}
     bool UseG1GC                                  = true                                      {product} {ergonomic}
     bool UseLargePagesIndividualAllocation        = false                                  {pd product} {ergonomic}

Logging:
Log output configuration:
 #0: stdout all=warning uptime,level,tags
 #1: stderr all=off uptime,level,tags

Environment Variables:
JAVA_HOME=C:\Program Files\Java\jdk-11.0.3
PATH=C:\Program Files (x86)\AMD APP\bin\x86_64;C:\Program Files (x86)\AMD APP\bin\x86;C:\Program Files (x86)\Common Files\Oracle\Java\javapath;C:\Windows\system32;C:\Windows;C:\Windows\System32\Wbem;C:\Windows\System32\WindowsPowerShell\v1.0\;C:\Program Files (x86)\ATI Technologies\ATI.ACE\Core-Static;C:\Program Files\MySQL\MySQL Shell 8.0\bin\
USERNAME=lehm
OS=Windows_NT
PROCESSOR_IDENTIFIER=AMD64 Family 16 Model 4 Stepping 3, AuthenticAMD



---------------  S Y S T E M  ---------------

OS: Windows 8.1 , 64 bit Build 9600 (6.3.9600.17415)

CPU:total 4 (initial active 4) (4 cores per cpu, 1 threads per core) family 16 model 4 stepping 3, cmov, cx8, fxsr, mmx, sse, sse2, sse3, popcnt, mmxext, 3dnowpref, lzcnt, sse4a, tsc, tscinvbit, tscinv

Memory: 4k page, system-wide physical 3965M (976M free)
TotalPageFile size 6781M (AvailPageFile size 2369M)
current process WorkingSet (physical memory assigned to process): 108M, peak: 112M
current process commit charge ("private bytes"): 165M, peak: 170M

vm_info: Java HotSpot(TM) 64-Bit Server VM (11.0.3+12-LTS) for windows-amd64 JRE (11.0.3+12-LTS), built on Apr  2 2019 12:43:09 by "mach5one" with MS VC++ 15.5 (VS2017)

END.
