#
# A fatal error has been detected by the Java Runtime Environment:
#
#  EXCEPTION_ACCESS_VIOLATION (0xc0000005) at pc=0x000000fd51c68e78, pid=2456, tid=2748
#
# JRE version: Java(TM) SE Runtime Environment (11.0.3+12) (build 11.0.3+12-LTS)
# Java VM: Java HotSpot(TM) 64-Bit Server VM (11.0.3+12-LTS, mixed mode, tiered, compressed oops, g1 gc, windows-amd64)
# Problematic frame:
# C  0x000000fd51c68e78
#
# No core dump will be written. Minidumps are not enabled by default on client versions of Windows
#
# If you would like to submit a bug report, please visit:
#   http://bugreport.java.com/bugreport/crash.jsp
#

---------------  S U M M A R Y ------------

Command Line: -Dclassworlds.conf=C:\Program Files\NetBeans-11.2\netbeans\java\maven\bin\m2.conf -Dmaven.home=C:\Program Files\NetBeans-11.2\netbeans\java\maven -Dmaven.multiModuleProjectDirectory=C:\Users\lehm\Documents\NetBeansProjects\JSF-EJB-JPA-Crud-Example-master\JSF-EJB-JPA-Crud-Example-master org.codehaus.plexus.classworlds.launcher.Launcher -Dmaven.ext.class.path=C:\Program Files\NetBeans-11.2\netbeans\java\maven-nblib\netbeans-eventspy.jar -Dfile.encoding=UTF-8 clean install

Host: AMD Phenom(tm) II X4 955 Processor, 4 cores, 3G,  Windows 8.1 , 64 bit Build 9600 (6.3.9600.17415)
Time: Thu Mar 19 14:22:38 2020 Hora estándar, América Central elapsed time: 1 seconds (0d 0h 0m 1s)

---------------  T H R E A D  ---------------

Current thread (0x000000fd352fd800):  JavaThread "main" [_thread_in_Java, id=2748, stack(0x000000fd349b0000,0x000000fd34ab0000)]

Stack: [0x000000fd349b0000,0x000000fd34ab0000],  sp=0x000000fd34aace20,  free space=1011k
Native frames: (J=compiled Java code, j=interpreted, Vv=VM code, C=native code)
C  0x000000fd51c68e78


siginfo: EXCEPTION_ACCESS_VIOLATION (0xc0000005), data execution prevention violation at address 0x000000fd51c68e78


Register to memory mapping:

RIP=0x000000fd51c68e78 is pointing into metadata
RAX=0x0000000000000001 is an unknown value
RBX={method} {0x000000fd51c68a38} 'getChildCount' '()I' in 'org/codehaus/plexus/util/xml/Xpp3Dom'
RCX=0x00000000c58bd4f8 is an oop: org.codehaus.plexus.util.xml.Xpp3Dom 
{0x00000000c58bd4f8} - klass: 'org/codehaus/plexus/util/xml/Xpp3Dom'
RDX=0x00000000c58bd4f8 is an oop: org.codehaus.plexus.util.xml.Xpp3Dom 
{0x00000000c58bd4f8} - klass: 'org/codehaus/plexus/util/xml/Xpp3Dom'
RSP=0x000000fd34aace20 is pointing into the stack for thread: 0x000000fd352fd800
RBP=0x000000fd34aace10 is pointing into the stack for thread: 0x000000fd352fd800
RSI=0x0 is NULL
RDI=0x0000000000002238 is an unknown value
R8 =0x0 is NULL
R9 =0x0 is NULL
R10=0x000000fd33121000 points into unknown readable memory: 00 00 00 00 00 00 00 00
R11=0x00000000c58bd520 is an oop: java.util.ArrayList 
{0x00000000c58bd520} - klass: 'java/util/ArrayList'
R12=0x0 is NULL
R13=0x000000fd34aace08 is pointing into the stack for thread: 0x000000fd352fd800
R14=0x000000fd55072920 is pointing into metadata
R15=0x000000fd352fd800 is a thread


Registers:
RAX=0x0000000000000001, RBX=0x000000fd51c68a30, RCX=0x00000000c58bd4f8, RDX=0x00000000c58bd4f8
RSP=0x000000fd34aace20, RBP=0x000000fd34aace10, RSI=0x0000000000000000, RDI=0x0000000000002238
R8 =0x0000000000000000, R9 =0x0000000000000000, R10=0x000000fd33121000, R11=0x00000000c58bd520
R12=0x0000000000000000, R13=0x000000fd34aace08, R14=0x000000fd55072920, R15=0x000000fd352fd800
RIP=0x000000fd51c68e78, EFLAGS=0x0000000000010246

Top of Stack: (sp=0x000000fd34aace20)
0x000000fd34aace20:   000000fd34aacec8 000000fd51c89078
0x000000fd34aace30:   000000fd55072920 00000000c227afd0
0x000000fd34aace40:   000000fd51c69168 000000fd34aace08
0x000000fd34aace50:   000000fd34aaced0 000000fd34aad038
0x000000fd34aace60:   000000fd3e04f34c 0000000000000000
0x000000fd34aace70:   0000000000000000 0000000000000000
0x000000fd34aace80:   0000000000000000 0000000000000000
0x000000fd34aace90:   0000000000000000 00000000c227b180
0x000000fd34aacea0:   00000000c227b180 0000000000000000
0x000000fd34aaceb0:   0000000000000001 0000000000000000
0x000000fd34aacec0:   00000000c58bd4f8 00000000c5899168
0x000000fd34aaced0:   00000000c58bdda8 000000fd34aaced8
0x000000fd34aacee0:   000000fd00000022 0000001534aacf30
0x000000fd34aacef0:   000000fd5504ac98 0000000000000000
0x000000fd34aacf00:   00000000c3d2e090 000000fd54c04958
0x000000fd34aacf10:   000000fd34aacf88 000000fd3d619b80 

Instructions: (pc=0x000000fd51c68e78)
0x000000fd51c68e58:   09 dc 19 09 b6 27 00 b8 21 00 99 00 0f dc 19 09
0x000000fd51c68e68:   2b 19 09 b6 27 00 b6 28 00 84 08 01 a7 ff d7 2b
0x000000fd51c68e78:   b6 1c 00 9e 01 46 04 36 06 2c c6 00 0c 2c b6 0a
0x000000fd51c68e88:   00 36 06 a7 00 18 dc e6 04 b6 27 00 3a 07 e6 03 


Stack slot to memory mapping:
stack at sp + 0 slots: 0x000000fd34aacec8 is pointing into the stack for thread: 0x000000fd352fd800
stack at sp + 1 slots: 0x000000fd51c89078 is pointing into metadata
stack at sp + 2 slots: 0x000000fd55072920 is pointing into metadata
stack at sp + 3 slots: 0x00000000c227afd0 is an oop: java.lang.Class 
{0x00000000c227afd0} - klass: 'java/lang/Class'
stack at sp + 4 slots: {method} {0x000000fd51c69170} 'mergeIntoXpp3Dom' '(Lorg/codehaus/plexus/util/xml/Xpp3Dom;Lorg/codehaus/plexus/util/xml/Xpp3Dom;Ljava/lang/Boolean;)V' in 'org/codehaus/plexus/util/xml/Xpp3Dom'
stack at sp + 5 slots: 0x000000fd34aace08 is pointing into the stack for thread: 0x000000fd352fd800
stack at sp + 6 slots: 0x000000fd34aaced0 is pointing into the stack for thread: 0x000000fd352fd800
stack at sp + 7 slots: 0x000000fd34aad038 is pointing into the stack for thread: 0x000000fd352fd800


---------------  P R O C E S S  ---------------

Threads class SMR info:
_java_thread_list=0x000000fd534c6370, length=11, elements={
0x000000fd352fd800, 0x000000fd514b8000, 0x000000fd514c2800, 0x000000fd514d2000,
0x000000fd514d5000, 0x000000fd514d6800, 0x000000fd514e0000, 0x000000fd514e6000,
0x000000fd5228a000, 0x000000fd5229a000, 0x000000fd53434000
}

Java Threads: ( => current thread )
=>0x000000fd352fd800 JavaThread "main" [_thread_in_Java, id=2748, stack(0x000000fd349b0000,0x000000fd34ab0000)]
  0x000000fd514b8000 JavaThread "Reference Handler" daemon [_thread_blocked, id=3136, stack(0x000000fd51e20000,0x000000fd51f20000)]
  0x000000fd514c2800 JavaThread "Finalizer" daemon [_thread_blocked, id=5112, stack(0x000000fd51f20000,0x000000fd52020000)]
  0x000000fd514d2000 JavaThread "Signal Dispatcher" daemon [_thread_blocked, id=5864, stack(0x000000fd52520000,0x000000fd52620000)]
  0x000000fd514d5000 JavaThread "Attach Listener" daemon [_thread_blocked, id=5588, stack(0x000000fd52620000,0x000000fd52720000)]
  0x000000fd514d6800 JavaThread "C2 CompilerThread0" daemon [_thread_blocked, id=3744, stack(0x000000fd52720000,0x000000fd52820000)]
  0x000000fd514e0000 JavaThread "C1 CompilerThread0" daemon [_thread_blocked, id=6028, stack(0x000000fd52820000,0x000000fd52920000)]
  0x000000fd514e6000 JavaThread "Sweeper thread" daemon [_thread_blocked, id=5272, stack(0x000000fd52920000,0x000000fd52a20000)]
  0x000000fd5228a000 JavaThread "Service Thread" daemon [_thread_blocked, id=4164, stack(0x000000fd52a20000,0x000000fd52b20000)]
  0x000000fd5229a000 JavaThread "Common-Cleaner" daemon [_thread_blocked, id=2144, stack(0x000000fd52c20000,0x000000fd52d20000)]
  0x000000fd53434000 JavaThread "C2 CompilerThread1" daemon [_thread_blocked, id=4616, stack(0x000000fd549f0000,0x000000fd54af0000)]

Other Threads:
  0x000000fd51491800 VMThread "VM Thread" [stack: 0x000000fd51d20000,0x000000fd51e20000] [id=4456]
  0x000000fd52299000 WatcherThread [stack: 0x000000fd52b20000,0x000000fd52c20000] [id=3412]
  0x000000fd35313800 GCTaskThread "GC Thread#0" [stack: 0x000000fd34c90000,0x000000fd34d90000] [id=5516]
  0x000000fd53086800 GCTaskThread "GC Thread#1" [stack: 0x000000fd53720000,0x000000fd53820000] [id=2984]
  0x000000fd3532e800 ConcurrentGCThread "G1 Main Marker" [stack: 0x000000fd4eae0000,0x000000fd4ebe0000] [id=3100]
  0x000000fd35331800 ConcurrentGCThread "G1 Conc#0" [stack: 0x000000fd4ebe0000,0x000000fd4ece0000] [id=2988]
  0x000000fd3537b800 ConcurrentGCThread "G1 Refine#0" [stack: 0x000000fd51120000,0x000000fd51220000] [id=3652]
  0x000000fd3537c800 ConcurrentGCThread "G1 Young RemSet Sampling" [stack: 0x000000fd51220000,0x000000fd51320000] [id=3272]

Threads with active compile tasks:

VM state:not at safepoint (normal execution)

VM Mutex/Monitor currently owned by a thread: None

Heap address: 0x00000000c2000000, size: 992 MB, Compressed Oops mode: 32-bit
Narrow klass base: 0x0000000000000000, Narrow klass shift: 3
Compressed class space size: 1073741824 Address: 0x0000000100000000

Heap:
 garbage-first heap   total 63488K, used 12138K [0x00000000c2000000, 0x0000000100000000)
  region size 1024K, 10 young (10240K), 4 survivors (4096K)
 Metaspace       used 20104K, capacity 20509K, committed 20736K, reserved 1067008K
  class space    used 2179K, capacity 2285K, committed 2304K, reserved 1048576K
Heap Regions: E=young(eden), S=young(survivor), O=old, HS=humongous(starts), HC=humongous(continues), CS=collection set, F=free, A=archive, TAMS=top-at-mark-start (previous, next)
|   0|0x00000000c2000000, 0x00000000c2100000, 0x00000000c2100000|100%| O|  |TAMS 0x00000000c2000000, 0x00000000c2000000| Untracked 
|   1|0x00000000c2100000, 0x00000000c2200000, 0x00000000c2200000|100%| O|  |TAMS 0x00000000c2100000, 0x00000000c2100000| Untracked 
|   2|0x00000000c2200000, 0x00000000c22daa00, 0x00000000c2300000| 85%| O|  |TAMS 0x00000000c2200000, 0x00000000c2200000| Untracked 
|   3|0x00000000c2300000, 0x00000000c2300000, 0x00000000c2400000|  0%| F|  |TAMS 0x00000000c2300000, 0x00000000c2300000| Untracked 
|   4|0x00000000c2400000, 0x00000000c2400000, 0x00000000c2500000|  0%| F|  |TAMS 0x00000000c2400000, 0x00000000c2400000| Untracked 
|   5|0x00000000c2500000, 0x00000000c2500000, 0x00000000c2600000|  0%| F|  |TAMS 0x00000000c2500000, 0x00000000c2500000| Untracked 
|   6|0x00000000c2600000, 0x00000000c2600000, 0x00000000c2700000|  0%| F|  |TAMS 0x00000000c2600000, 0x00000000c2600000| Untracked 
|   7|0x00000000c2700000, 0x00000000c2700000, 0x00000000c2800000|  0%| F|  |TAMS 0x00000000c2700000, 0x00000000c2700000| Untracked 
|   8|0x00000000c2800000, 0x00000000c2800000, 0x00000000c2900000|  0%| F|  |TAMS 0x00000000c2800000, 0x00000000c2800000| Untracked 
|   9|0x00000000c2900000, 0x00000000c2900000, 0x00000000c2a00000|  0%| F|  |TAMS 0x00000000c2900000, 0x00000000c2900000| Untracked 
|  10|0x00000000c2a00000, 0x00000000c2a00000, 0x00000000c2b00000|  0%| F|  |TAMS 0x00000000c2a00000, 0x00000000c2a00000| Untracked 
|  11|0x00000000c2b00000, 0x00000000c2b00000, 0x00000000c2c00000|  0%| F|  |TAMS 0x00000000c2b00000, 0x00000000c2b00000| Untracked 
|  12|0x00000000c2c00000, 0x00000000c2c00000, 0x00000000c2d00000|  0%| F|  |TAMS 0x00000000c2c00000, 0x00000000c2c00000| Untracked 
|  13|0x00000000c2d00000, 0x00000000c2d00000, 0x00000000c2e00000|  0%| F|  |TAMS 0x00000000c2d00000, 0x00000000c2d00000| Untracked 
|  14|0x00000000c2e00000, 0x00000000c2e00000, 0x00000000c2f00000|  0%| F|  |TAMS 0x00000000c2e00000, 0x00000000c2e00000| Untracked 
|  15|0x00000000c2f00000, 0x00000000c2f00000, 0x00000000c3000000|  0%| F|  |TAMS 0x00000000c2f00000, 0x00000000c2f00000| Untracked 
|  16|0x00000000c3000000, 0x00000000c3000000, 0x00000000c3100000|  0%| F|  |TAMS 0x00000000c3000000, 0x00000000c3000000| Untracked 
|  17|0x00000000c3100000, 0x00000000c3100000, 0x00000000c3200000|  0%| F|  |TAMS 0x00000000c3100000, 0x00000000c3100000| Untracked 
|  18|0x00000000c3200000, 0x00000000c3200000, 0x00000000c3300000|  0%| F|  |TAMS 0x00000000c3200000, 0x00000000c3200000| Untracked 
|  19|0x00000000c3300000, 0x00000000c3300000, 0x00000000c3400000|  0%| F|  |TAMS 0x00000000c3300000, 0x00000000c3300000| Untracked 
|  20|0x00000000c3400000, 0x00000000c3400000, 0x00000000c3500000|  0%| F|  |TAMS 0x00000000c3400000, 0x00000000c3400000| Untracked 
|  21|0x00000000c3500000, 0x00000000c3500000, 0x00000000c3600000|  0%| F|  |TAMS 0x00000000c3500000, 0x00000000c3500000| Untracked 
|  22|0x00000000c3600000, 0x00000000c3600000, 0x00000000c3700000|  0%| F|  |TAMS 0x00000000c3600000, 0x00000000c3600000| Untracked 
|  23|0x00000000c3700000, 0x00000000c3700000, 0x00000000c3800000|  0%| F|  |TAMS 0x00000000c3700000, 0x00000000c3700000| Untracked 
|  24|0x00000000c3800000, 0x00000000c3800000, 0x00000000c3900000|  0%| F|  |TAMS 0x00000000c3800000, 0x00000000c3800000| Untracked 
|  25|0x00000000c3900000, 0x00000000c3900000, 0x00000000c3a00000|  0%| F|  |TAMS 0x00000000c3900000, 0x00000000c3900000| Untracked 
|  26|0x00000000c3a00000, 0x00000000c3b00000, 0x00000000c3b00000|100%| S|CS|TAMS 0x00000000c3a00000, 0x00000000c3a00000| Complete 
|  27|0x00000000c3b00000, 0x00000000c3c00000, 0x00000000c3c00000|100%| S|CS|TAMS 0x00000000c3b00000, 0x00000000c3b00000| Complete 
|  28|0x00000000c3c00000, 0x00000000c3d00000, 0x00000000c3d00000|100%| S|CS|TAMS 0x00000000c3c00000, 0x00000000c3c00000| Complete 
|  29|0x00000000c3d00000, 0x00000000c3e00000, 0x00000000c3e00000|100%| S|CS|TAMS 0x00000000c3d00000, 0x00000000c3d00000| Complete 
|  30|0x00000000c3e00000, 0x00000000c3e00000, 0x00000000c3f00000|  0%| F|  |TAMS 0x00000000c3e00000, 0x00000000c3e00000| Untracked 
|  31|0x00000000c3f00000, 0x00000000c3f00000, 0x00000000c4000000|  0%| F|  |TAMS 0x00000000c3f00000, 0x00000000c3f00000| Untracked 
|  32|0x00000000c4000000, 0x00000000c4000000, 0x00000000c4100000|  0%| F|  |TAMS 0x00000000c4000000, 0x00000000c4000000| Untracked 
|  33|0x00000000c4100000, 0x00000000c4100000, 0x00000000c4200000|  0%| F|  |TAMS 0x00000000c4100000, 0x00000000c4100000| Untracked 
|  34|0x00000000c4200000, 0x00000000c4200000, 0x00000000c4300000|  0%| F|  |TAMS 0x00000000c4200000, 0x00000000c4200000| Untracked 
|  35|0x00000000c4300000, 0x00000000c4300000, 0x00000000c4400000|  0%| F|  |TAMS 0x00000000c4300000, 0x00000000c4300000| Untracked 
|  36|0x00000000c4400000, 0x00000000c4400000, 0x00000000c4500000|  0%| F|  |TAMS 0x00000000c4400000, 0x00000000c4400000| Untracked 
|  37|0x00000000c4500000, 0x00000000c4500000, 0x00000000c4600000|  0%| F|  |TAMS 0x00000000c4500000, 0x00000000c4500000| Untracked 
|  38|0x00000000c4600000, 0x00000000c4600000, 0x00000000c4700000|  0%| F|  |TAMS 0x00000000c4600000, 0x00000000c4600000| Untracked 
|  39|0x00000000c4700000, 0x00000000c4700000, 0x00000000c4800000|  0%| F|  |TAMS 0x00000000c4700000, 0x00000000c4700000| Untracked 
|  40|0x00000000c4800000, 0x00000000c4800000, 0x00000000c4900000|  0%| F|  |TAMS 0x00000000c4800000, 0x00000000c4800000| Untracked 
|  41|0x00000000c4900000, 0x00000000c4900000, 0x00000000c4a00000|  0%| F|  |TAMS 0x00000000c4900000, 0x00000000c4900000| Untracked 
|  42|0x00000000c4a00000, 0x00000000c4a00000, 0x00000000c4b00000|  0%| F|  |TAMS 0x00000000c4a00000, 0x00000000c4a00000| Untracked 
|  43|0x00000000c4b00000, 0x00000000c4b00000, 0x00000000c4c00000|  0%| F|  |TAMS 0x00000000c4b00000, 0x00000000c4b00000| Untracked 
|  44|0x00000000c4c00000, 0x00000000c4c00000, 0x00000000c4d00000|  0%| F|  |TAMS 0x00000000c4c00000, 0x00000000c4c00000| Untracked 
|  45|0x00000000c4d00000, 0x00000000c4d00000, 0x00000000c4e00000|  0%| F|  |TAMS 0x00000000c4d00000, 0x00000000c4d00000| Untracked 
|  46|0x00000000c4e00000, 0x00000000c4e00000, 0x00000000c4f00000|  0%| F|  |TAMS 0x00000000c4e00000, 0x00000000c4e00000| Untracked 
|  47|0x00000000c4f00000, 0x00000000c4f00000, 0x00000000c5000000|  0%| F|  |TAMS 0x00000000c4f00000, 0x00000000c4f00000| Untracked 
|  48|0x00000000c5000000, 0x00000000c5000000, 0x00000000c5100000|  0%| F|  |TAMS 0x00000000c5000000, 0x00000000c5000000| Untracked 
|  49|0x00000000c5100000, 0x00000000c5100000, 0x00000000c5200000|  0%| F|  |TAMS 0x00000000c5100000, 0x00000000c5100000| Untracked 
|  50|0x00000000c5200000, 0x00000000c5200000, 0x00000000c5300000|  0%| F|  |TAMS 0x00000000c5200000, 0x00000000c5200000| Untracked 
|  51|0x00000000c5300000, 0x00000000c5300000, 0x00000000c5400000|  0%| F|  |TAMS 0x00000000c5300000, 0x00000000c5300000| Untracked 
|  52|0x00000000c5400000, 0x00000000c5400000, 0x00000000c5500000|  0%| F|  |TAMS 0x00000000c5400000, 0x00000000c5400000| Untracked 
|  53|0x00000000c5500000, 0x00000000c5500000, 0x00000000c5600000|  0%| F|  |TAMS 0x00000000c5500000, 0x00000000c5500000| Untracked 
|  54|0x00000000c5600000, 0x00000000c5600000, 0x00000000c5700000|  0%| F|  |TAMS 0x00000000c5600000, 0x00000000c5600000| Untracked 
|  55|0x00000000c5700000, 0x00000000c5700000, 0x00000000c5800000|  0%| F|  |TAMS 0x00000000c5700000, 0x00000000c5700000| Untracked 
|  56|0x00000000c5800000, 0x00000000c5900000, 0x00000000c5900000|100%| E|  |TAMS 0x00000000c5800000, 0x00000000c5800000| Complete 
|  57|0x00000000c5900000, 0x00000000c5a00000, 0x00000000c5a00000|100%| E|CS|TAMS 0x00000000c5900000, 0x00000000c5900000| Complete 
|  58|0x00000000c5a00000, 0x00000000c5b00000, 0x00000000c5b00000|100%| E|CS|TAMS 0x00000000c5a00000, 0x00000000c5a00000| Complete 
|  59|0x00000000c5b00000, 0x00000000c5c00000, 0x00000000c5c00000|100%| E|CS|TAMS 0x00000000c5b00000, 0x00000000c5b00000| Complete 
|  60|0x00000000c5c00000, 0x00000000c5d00000, 0x00000000c5d00000|100%| E|CS|TAMS 0x00000000c5c00000, 0x00000000c5c00000| Complete 
|  61|0x00000000c5d00000, 0x00000000c5e00000, 0x00000000c5e00000|100%| E|CS|TAMS 0x00000000c5d00000, 0x00000000c5d00000| Complete 

Card table byte_map: [0x000000fd4c800000,0x000000fd4c9f0000] _byte_map_base: 0x000000fd4c1f0000

Marking Bits (Prev, Next): (CMBitMap*) 0x000000fd35329d48, (CMBitMap*) 0x000000fd35329d80
 Prev Bits: [0x000000fd4cbe0000, 0x000000fd4db60000)
 Next Bits: [0x000000fd4db60000, 0x000000fd4eae0000)

Polling page: 0x000000fd33120000

Metaspace:

Usage:
  Non-class:     17.80 MB capacity,    17.50 MB ( 98%) used,   276.88 KB (  2%) free+waste,    22.44 KB ( <1%) overhead. 
      Class:      2.23 MB capacity,     2.13 MB ( 95%) used,    96.60 KB (  4%) free+waste,     9.06 KB ( <1%) overhead. 
       Both:     20.03 MB capacity,    19.63 MB ( 98%) used,   373.48 KB (  2%) free+waste,    31.50 KB ( <1%) overhead. 

Virtual space:
  Non-class space:       18.00 MB reserved,      18.00 MB (100%) committed 
      Class space:        1.00 GB reserved,       2.25 MB ( <1%) committed 
             Both:        1.02 GB reserved,      20.25 MB (  2%) committed 

Chunk freelists:
   Non-Class:  2.00 KB
       Class:  2.38 KB
        Both:  4.38 KB

CodeHeap 'non-profiled nmethods': size=120064Kb used=951Kb max_used=951Kb free=119112Kb
 bounds [0x000000fd450d0000, 0x000000fd45340000, 0x000000fd4c610000]
CodeHeap 'profiled nmethods': size=120000Kb used=5206Kb max_used=5206Kb free=114793Kb
 bounds [0x000000fd3dba0000, 0x000000fd3e0c0000, 0x000000fd450d0000]
CodeHeap 'non-nmethods': size=5696Kb used=1096Kb max_used=1133Kb free=4600Kb
 bounds [0x000000fd3d610000, 0x000000fd3d880000, 0x000000fd3dba0000]
 total_blobs=3344 nmethods=2424 adapters=322
 compilation: enabled
              stopped_count=0, restarted_count=0
 full_count=0

Compilation events (10 events):
Event: 1.931 Thread 0x000000fd514e0000 2425       1       org.eclipse.aether.internal.impl.SimpleLocalRepositoryManager::getRepository (5 bytes)
Event: 1.931 Thread 0x000000fd514e0000 nmethod 2425 0x000000fd451bb190 code [0x000000fd451bb340, 0x000000fd451bb458]
Event: 1.931 Thread 0x000000fd514e0000 2426       1       org.apache.maven.model.ReportPlugin::setGroupId (6 bytes)
Event: 1.931 Thread 0x000000fd514e0000 nmethod 2426 0x000000fd451bb510 code [0x000000fd451bb6c0, 0x000000fd451bb818]
Event: 1.936 Thread 0x000000fd53434000 nmethod 2424 0x000000fd451bb890 code [0x000000fd451bba40, 0x000000fd451bbf18]
Event: 1.936 Thread 0x000000fd53434000 2422       4       java.lang.Integer::numberOfLeadingZeros (78 bytes)
Event: 1.936 Thread 0x000000fd514d6800 nmethod 2402 0x000000fd451bc210 code [0x000000fd451bc400, 0x000000fd451bcb40]
Event: 1.936 Thread 0x000000fd514d6800 2423       4       java.util.HashSet::contains (9 bytes)
Event: 1.937 Thread 0x000000fd53434000 nmethod 2422 0x000000fd451bcf90 code [0x000000fd451bd120, 0x000000fd451bd1b8]
Event: 1.943 Thread 0x000000fd514d6800 nmethod 2423 0x000000fd451bd210 code [0x000000fd451bd3e0, 0x000000fd451bd8d8]

GC Heap History (8 events):
Event: 0.558 GC heap before
{Heap before GC invocations=0 (full 0):
 garbage-first heap   total 63488K, used 13312K [0x00000000c2000000, 0x0000000100000000)
  region size 1024K, 14 young (14336K), 0 survivors (0K)
 Metaspace       used 10939K, capacity 11183K, committed 11520K, reserved 1058816K
  class space    used 1093K, capacity 1154K, committed 1280K, reserved 1048576K
}
Event: 0.565 GC heap after
{Heap after GC invocations=1 (full 0):
 garbage-first heap   total 63488K, used 2912K [0x00000000c2000000, 0x0000000100000000)
  region size 1024K, 2 young (2048K), 2 survivors (2048K)
 Metaspace       used 10939K, capacity 11183K, committed 11520K, reserved 1058816K
  class space    used 1093K, capacity 1154K, committed 1280K, reserved 1048576K
}
Event: 0.714 GC heap before
{Heap before GC invocations=1 (full 0):
 garbage-first heap   total 63488K, used 13152K [0x00000000c2000000, 0x0000000100000000)
  region size 1024K, 12 young (12288K), 2 survivors (2048K)
 Metaspace       used 12203K, capacity 12376K, committed 12672K, reserved 1060864K
  class space    used 1259K, capacity 1317K, committed 1408K, reserved 1048576K
}
Event: 0.720 GC heap after
{Heap after GC invocations=2 (full 0):
 garbage-first heap   total 63488K, used 3432K [0x00000000c2000000, 0x0000000100000000)
  region size 1024K, 1 young (1024K), 1 survivors (1024K)
 Metaspace       used 12203K, capacity 12376K, committed 12672K, reserved 1060864K
  class space    used 1259K, capacity 1317K, committed 1408K, reserved 1048576K
}
Event: 1.162 GC heap before
{Heap before GC invocations=2 (full 0):
 garbage-first heap   total 63488K, used 28008K [0x00000000c2000000, 0x0000000100000000)
  region size 1024K, 26 young (26624K), 1 survivors (1024K)
 Metaspace       used 16076K, capacity 16374K, committed 16512K, reserved 1064960K
  class space    used 1749K, capacity 1876K, committed 1920K, reserved 1048576K
}
Event: 1.168 GC heap after
{Heap after GC invocations=3 (full 0):
 garbage-first heap   total 63488K, used 4645K [0x00000000c2000000, 0x0000000100000000)
  region size 1024K, 2 young (2048K), 2 survivors (2048K)
 Metaspace       used 16076K, capacity 16374K, committed 16512K, reserved 1064960K
  class space    used 1749K, capacity 1876K, committed 1920K, reserved 1048576K
}
Event: 1.831 GC heap before
{Heap before GC invocations=3 (full 0):
 garbage-first heap   total 63488K, used 35365K [0x00000000c2000000, 0x0000000100000000)
  region size 1024K, 32 young (32768K), 2 survivors (2048K)
 Metaspace       used 19879K, capacity 20282K, committed 20480K, reserved 1067008K
  class space    used 2155K, capacity 2252K, committed 2304K, reserved 1048576K
}
Event: 1.843 GC heap after
{Heap after GC invocations=4 (full 0):
 garbage-first heap   total 63488K, used 7018K [0x00000000c2000000, 0x0000000100000000)
  region size 1024K, 4 young (4096K), 4 survivors (4096K)
 Metaspace       used 19879K, capacity 20282K, committed 20480K, reserved 1067008K
  class space    used 2155K, capacity 2252K, committed 2304K, reserved 1048576K
}

Deoptimization events (10 events):
Event: 1.756 Thread 0x000000fd352fd800 Uncommon trap: reason=unstable_if action=reinterpret pc=0x000000fd4518b758 method=org.codehaus.plexus.util.xml.pull.MXParser.nextImpl()I @ 310 c2
Event: 1.815 Thread 0x000000fd352fd800 Uncommon trap: reason=unstable_if action=reinterpret pc=0x000000fd451a3268 method=org.codehaus.plexus.util.xml.pull.MXParser.nextImpl()I @ 972 c2
Event: 1.826 Thread 0x000000fd352fd800 Uncommon trap: reason=speculate_class_check action=maybe_recompile pc=0x000000fd451a5820 method=jdk.internal.reflect.UnsafeObjectFieldAccessorImpl.get(Ljava/lang/Object;)Ljava/lang/Object; @ 13 c2
Event: 1.826 Thread 0x000000fd352fd800 Uncommon trap: reason=speculate_class_check action=maybe_recompile pc=0x000000fd451a5820 method=jdk.internal.reflect.UnsafeObjectFieldAccessorImpl.get(Ljava/lang/Object;)Ljava/lang/Object; @ 13 c2
Event: 1.827 Thread 0x000000fd352fd800 Uncommon trap: reason=speculate_class_check action=maybe_recompile pc=0x000000fd451a5820 method=jdk.internal.reflect.UnsafeObjectFieldAccessorImpl.get(Ljava/lang/Object;)Ljava/lang/Object; @ 13 c2
Event: 1.827 Thread 0x000000fd352fd800 Uncommon trap: reason=speculate_class_check action=maybe_recompile pc=0x000000fd451a5820 method=jdk.internal.reflect.UnsafeObjectFieldAccessorImpl.get(Ljava/lang/Object;)Ljava/lang/Object; @ 13 c2
Event: 1.844 Thread 0x000000fd352fd800 Uncommon trap: reason=predicate action=maybe_recompile pc=0x000000fd451a9740 method=java.util.AbstractCollection.toArray([Ljava/lang/Object;)[Ljava/lang/Object; @ 43 c2
Event: 1.862 Thread 0x000000fd352fd800 Uncommon trap: reason=unstable_if action=reinterpret pc=0x000000fd4519b95c method=java.lang.StringLatin1.trim([B)Ljava/lang/String; @ 60 c2
Event: 1.902 Thread 0x000000fd352fd800 Uncommon trap: reason=unstable_if action=reinterpret pc=0x000000fd45160788 method=java.util.HashMap.getNode(ILjava/lang/Object;)Ljava/util/HashMap$Node; @ 53 c2
Event: 1.919 Thread 0x000000fd352fd800 Uncommon trap: reason=unstable_if action=reinterpret pc=0x000000fd451b10e4 method=org.codehaus.plexus.util.xml.pull.MXParser.nextImpl()I @ 306 c2

Classes redefined (0 events):
No events

Internal exceptions (8 events):
Event: 0.330 Thread 0x000000fd352fd800 Exception <a 'java/lang/NoSuchMethodError'{0x00000000c58efeb0}: java.lang.invoke.DirectMethodHandle$Holder.invokeSpecialIFC(Ljava/lang/Object;Ljava/lang/Object;I)I> (0x00000000c58efeb0) thrown at [t:/workspace/open/src/hotspot/share/interpreter/linkResolv
Event: 1.310 Thread 0x000000fd352fd800 Exception <a 'java/lang/NoClassDefFoundError'{0x00000000c5896af0}: com/google/inject/servlet/ServletModuleTargetVisitor> (0x00000000c5896af0) thrown at [t:/workspace/open/src/hotspot/share/classfile/systemDictionary.cpp, line 220]
Event: 1.310 Thread 0x000000fd352fd800 Exception <a 'java/lang/NoClassDefFoundError'{0x00000000c5896af0}> (0x00000000c5896af0) thrown at [t:/workspace/open/src/hotspot/share/prims/jvm.cpp, line 1311]
Event: 1.311 Thread 0x000000fd352fd800 Exception <a 'java/lang/NoClassDefFoundError'{0x00000000c5899960}: javax/annotation/Priority> (0x00000000c5899960) thrown at [t:/workspace/open/src/hotspot/share/classfile/systemDictionary.cpp, line 220]
Event: 1.418 Thread 0x000000fd352fd800 Exception <a 'java/lang/NoSuchMethodError'{0x00000000c54ae650}: java.lang.invoke.DirectMethodHandle$Holder.invokeStaticInit(Ljava/lang/Object;IIII)Ljava/lang/Object;> (0x00000000c54ae650) thrown at [t:/workspace/open/src/hotspot/share/interpreter/linkReso
Event: 1.530 Thread 0x000000fd352fd800 Implicit null exception at 0x000000fd4517648d to 0x000000fd45176576
Event: 1.678 Thread 0x000000fd352fd800 Implicit null exception at 0x000000fd45111775 to 0x000000fd4511193a
Event: 1.678 Thread 0x000000fd352fd800 Implicit null exception at 0x000000fd450f5faf to 0x000000fd450f601d

Events (10 events):
Event: 1.907 loading class org/apache/maven/plugin/internal/PlexusUtilsInjector done
Event: 1.908 loading class org/apache/maven/plugin/internal/WagonExcluder
Event: 1.908 loading class org/apache/maven/plugin/internal/WagonExcluder done
Event: 1.917 Thread 0x000000fd352fd800 DEOPT PACKING pc=0x000000fd3dfe4bf0 sp=0x000000fd34aacca0
Event: 1.917 Thread 0x000000fd352fd800 DEOPT UNPACKING pc=0x000000fd3d637f3f sp=0x000000fd34aac128 mode 0
Event: 1.919 Thread 0x000000fd352fd800 Uncommon trap: trap_request=0xffffff4d fr.pc=0x000000fd451b10e4 relative=0x00000000000011a4
Event: 1.919 Thread 0x000000fd352fd800 DEOPT PACKING pc=0x000000fd451b10e4 sp=0x000000fd34aaceb0
Event: 1.919 Thread 0x000000fd352fd800 DEOPT UNPACKING pc=0x000000fd3d638129 sp=0x000000fd34aace38 mode 2
Event: 1.923 Thread 0x000000fd352fd800 DEOPT PACKING pc=0x000000fd3dfe4bf0 sp=0x000000fd34aace10
Event: 1.923 Thread 0x000000fd352fd800 DEOPT UNPACKING pc=0x000000fd3d637f3f sp=0x000000fd34aac298 mode 0


Dynamic libraries:
0x00007ff6d9ca0000 - 0x00007ff6d9ce7000 	C:\Program Files\Java\jdk-11.0.3\bin\java.exe
0x00007ff9a2cf0000 - 0x00007ff9a2e9d000 	C:\Windows\SYSTEM32\ntdll.dll
0x00007ff9a26b0000 - 0x00007ff9a27ee000 	C:\Windows\system32\KERNEL32.DLL
0x00007ff9a0180000 - 0x00007ff9a0296000 	C:\Windows\system32\KERNELBASE.dll
0x00007ff9a0c90000 - 0x00007ff9a0d3a000 	C:\Windows\system32\ADVAPI32.dll
0x00007ff9a2b70000 - 0x00007ff9a2ce7000 	C:\Windows\system32\USER32.dll
0x00007ff99dd60000 - 0x00007ff99dfdb000 	C:\Windows\WinSxS\amd64_microsoft.windows.common-controls_6595b64144ccf1df_6.0.9600.18006_none_623f33d3ecbe86e8\COMCTL32.dll
0x00007ff99d6a0000 - 0x00007ff99d6aa000 	C:\Windows\SYSTEM32\VERSION.dll
0x00007ff9a0390000 - 0x00007ff9a043a000 	C:\Windows\system32\msvcrt.dll
0x00007ff9a22e0000 - 0x00007ff9a2339000 	C:\Windows\SYSTEM32\sechost.dll
0x00007ff9a0b50000 - 0x00007ff9a0c90000 	C:\Windows\system32\RPCRT4.dll
0x00007ff9a2560000 - 0x00007ff9a26ab000 	C:\Windows\system32\GDI32.dll
0x00007ff9a02a0000 - 0x00007ff9a02ce000 	C:\Windows\system32\SspiCli.dll
0x00007ff9a0630000 - 0x00007ff9a0666000 	C:\Windows\system32\IMM32.DLL
0x00007ff9a0680000 - 0x00007ff9a07d1000 	C:\Windows\system32\MSCTF.dll
0x00007ff99beb0000 - 0x00007ff99bec6000 	C:\Program Files\Java\jdk-11.0.3\bin\vcruntime140.dll
0x00007ff9994f0000 - 0x00007ff9994f4000 	C:\Program Files\Java\jdk-11.0.3\bin\api-ms-win-crt-runtime-l1-1-0.dll
0x00007ff99be90000 - 0x00007ff99be94000 	C:\Program Files\Java\jdk-11.0.3\bin\api-ms-win-crt-string-l1-1-0.dll
0x00007ff999480000 - 0x00007ff999483000 	C:\Program Files\Java\jdk-11.0.3\bin\api-ms-win-crt-heap-l1-1-0.dll
0x00007ff99bea0000 - 0x00007ff99bea4000 	C:\Program Files\Java\jdk-11.0.3\bin\api-ms-win-crt-stdio-l1-1-0.dll
0x00007ff9994e0000 - 0x00007ff9994e4000 	C:\Program Files\Java\jdk-11.0.3\bin\api-ms-win-crt-convert-l1-1-0.dll
0x00007ff98f270000 - 0x00007ff98f366000 	C:\Program Files\Java\jdk-11.0.3\bin\ucrtbase.DLL
0x00007ff990890000 - 0x00007ff99093a000 	C:\Program Files\Java\jdk-11.0.3\bin\msvcp140.dll
0x00007ff999310000 - 0x00007ff999313000 	C:\Program Files\Java\jdk-11.0.3\bin\api-ms-win-crt-locale-l1-1-0.dll
0x00007ff9994b0000 - 0x00007ff9994b5000 	C:\Program Files\Java\jdk-11.0.3\bin\api-ms-win-crt-math-l1-1-0.dll
0x00007ff996bc0000 - 0x00007ff996bc5000 	C:\Program Files\Java\jdk-11.0.3\bin\api-ms-win-crt-multibyte-l1-1-0.dll
0x00007ff999490000 - 0x00007ff999493000 	C:\Program Files\Java\jdk-11.0.3\bin\api-ms-win-crt-time-l1-1-0.dll
0x00007ff9994a0000 - 0x00007ff9994a3000 	C:\Program Files\Java\jdk-11.0.3\bin\api-ms-win-crt-filesystem-l1-1-0.dll
0x00007ff9994d0000 - 0x00007ff9994d3000 	C:\Program Files\Java\jdk-11.0.3\bin\api-ms-win-crt-environment-l1-1-0.dll
0x00007ff9994c0000 - 0x00007ff9994c3000 	C:\Program Files\Java\jdk-11.0.3\bin\api-ms-win-crt-utility-l1-1-0.dll
0x00007ff986e00000 - 0x00007ff987927000 	C:\Program Files\Java\jdk-11.0.3\bin\server\jvm.dll
0x00007ff99c0a0000 - 0x00007ff99c0a9000 	C:\Windows\SYSTEM32\WSOCK32.dll
0x00007ff997270000 - 0x00007ff997292000 	C:\Windows\SYSTEM32\WINMM.dll
0x00007ff9a23a0000 - 0x00007ff9a23a7000 	C:\Windows\system32\PSAPI.DLL
0x00007ff9a2340000 - 0x00007ff9a239a000 	C:\Windows\system32\WS2_32.dll
0x00007ff997220000 - 0x00007ff99724a000 	C:\Windows\SYSTEM32\WINMMBASE.dll
0x00007ff9a0920000 - 0x00007ff9a0929000 	C:\Windows\system32\NSI.dll
0x00007ff9a02d0000 - 0x00007ff9a031f000 	C:\Windows\SYSTEM32\cfgmgr32.dll
0x00007ff99ec30000 - 0x00007ff99ec58000 	C:\Windows\SYSTEM32\DEVOBJ.dll
0x00007ff994bd0000 - 0x00007ff994be1000 	C:\Program Files\Java\jdk-11.0.3\bin\verify.dll
0x00007ff9972d0000 - 0x00007ff997459000 	C:\Windows\SYSTEM32\DBGHELP.DLL
0x00007ff9947d0000 - 0x00007ff9947f9000 	C:\Program Files\Java\jdk-11.0.3\bin\java.dll
0x00007ff9947b0000 - 0x00007ff9947c6000 	C:\Program Files\Java\jdk-11.0.3\bin\zip.dll
0x00007ff999420000 - 0x00007ff99942a000 	C:\Program Files\Java\jdk-11.0.3\bin\jimage.dll
0x00007ff9a0d40000 - 0x00007ff9a226c000 	C:\Windows\system32\SHELL32.dll
0x00007ff9a0930000 - 0x00007ff9a0b42000 	C:\Windows\SYSTEM32\combase.dll
0x00007ff9a0500000 - 0x00007ff9a0554000 	C:\Windows\system32\SHLWAPI.dll
0x00007ff99e390000 - 0x00007ff99e442000 	C:\Windows\SYSTEM32\SHCORE.dll
0x00007ff99fe20000 - 0x00007ff99fe35000 	C:\Windows\SYSTEM32\profapi.dll
0x00007ff990a90000 - 0x00007ff990aa9000 	C:\Program Files\Java\jdk-11.0.3\bin\net.dll
0x00007ff997a20000 - 0x00007ff997ae7000 	C:\Windows\SYSTEM32\WINHTTP.dll
0x00007ff99b160000 - 0x00007ff99b2e5000 	C:\Windows\SYSTEM32\urlmon.dll
0x00007ff9a27f0000 - 0x00007ff9a2984000 	C:\Windows\system32\ole32.dll
0x00007ff99ae90000 - 0x00007ff99b15a000 	C:\Windows\SYSTEM32\iertutil.dll
0x00007ff99ab60000 - 0x00007ff99ae81000 	C:\Windows\SYSTEM32\WININET.dll
0x00007ff99f440000 - 0x00007ff99f461000 	C:\Windows\SYSTEM32\USERENV.dll
0x00007ff99f6b0000 - 0x00007ff99f709000 	C:\Windows\system32\mswsock.dll
0x00007ff9909d0000 - 0x00007ff9909e3000 	C:\Program Files\Java\jdk-11.0.3\bin\nio.dll

dbghelp: loaded successfully - version: 4.0.5 - missing functions: none
symbol engine: initialized successfully - sym options: 0x614 - pdb path: .;C:\Program Files\Java\jdk-11.0.3\bin;C:\Windows\SYSTEM32;C:\Windows\WinSxS\amd64_microsoft.windows.common-controls_6595b64144ccf1df_6.0.9600.18006_none_623f33d3ecbe86e8;C:\Program Files\Java\jdk-11.0.3\bin\server

VM Arguments:
jvm_args: -Dclassworlds.conf=C:\Program Files\NetBeans-11.2\netbeans\java\maven\bin\m2.conf -Dmaven.home=C:\Program Files\NetBeans-11.2\netbeans\java\maven -Dmaven.multiModuleProjectDirectory=C:\Users\lehm\Documents\NetBeansProjects\JSF-EJB-JPA-Crud-Example-master\JSF-EJB-JPA-Crud-Example-master 
java_command: org.codehaus.plexus.classworlds.launcher.Launcher -Dmaven.ext.class.path=C:\Program Files\NetBeans-11.2\netbeans\java\maven-nblib\netbeans-eventspy.jar -Dfile.encoding=UTF-8 clean install
java_class_path (initial): C:\Program Files\NetBeans-11.2\netbeans\java\maven\boot\plexus-classworlds-2.5.2.jar
Launcher Type: SUN_STANDARD

[Global flags]
     intx CICompilerCount                          = 3                                         {product} {ergonomic}
     uint ConcGCThreads                            = 1                                         {product} {ergonomic}
     uint G1ConcRefinementThreads                  = 4                                         {product} {ergonomic}
   size_t G1HeapRegionSize                         = 1048576                                   {product} {ergonomic}
    uintx GCDrainStackTargetSize                   = 64                                        {product} {ergonomic}
   size_t InitialHeapSize                          = 65011712                                  {product} {ergonomic}
   size_t MarkStackSize                            = 4194304                                   {product} {ergonomic}
   size_t MaxHeapSize                              = 1040187392                                {product} {ergonomic}
   size_t MaxNewSize                               = 623902720                                 {product} {ergonomic}
   size_t MinHeapDeltaBytes                        = 1048576                                   {product} {ergonomic}
    uintx NonNMethodCodeHeapSize                   = 5830092                                {pd product} {ergonomic}
    uintx NonProfiledCodeHeapSize                  = 122914074                              {pd product} {ergonomic}
    uintx ProfiledCodeHeapSize                     = 122914074                              {pd product} {ergonomic}
    uintx ReservedCodeCacheSize                    = 251658240                              {pd product} {ergonomic}
     bool SegmentedCodeCache                       = true                                      {product} {ergonomic}
     bool UseCompressedClassPointers               = true                                 {lp64_product} {ergonomic}
     bool UseCompressedOops                        = true                                 {lp64_product} {ergonomic}
     bool UseG1GC                                  = true                                      {product} {ergonomic}
     bool UseLargePagesIndividualAllocation        = false                                  {pd product} {ergonomic}

Logging:
Log output configuration:
 #0: stdout all=warning uptime,level,tags
 #1: stderr all=off uptime,level,tags

Environment Variables:
JAVA_HOME=C:\Program Files\Java\jdk-11.0.3
PATH=C:\Program Files (x86)\AMD APP\bin\x86_64;C:\Program Files (x86)\AMD APP\bin\x86;C:\Program Files (x86)\Common Files\Oracle\Java\javapath;C:\Windows\system32;C:\Windows;C:\Windows\System32\Wbem;C:\Windows\System32\WindowsPowerShell\v1.0\;C:\Program Files (x86)\ATI Technologies\ATI.ACE\Core-Static;C:\Program Files\MySQL\MySQL Shell 8.0\bin\
USERNAME=lehm
OS=Windows_NT
PROCESSOR_IDENTIFIER=AMD64 Family 16 Model 4 Stepping 3, AuthenticAMD



---------------  S Y S T E M  ---------------

OS: Windows 8.1 , 64 bit Build 9600 (6.3.9600.17415)

CPU:total 4 (initial active 4) (4 cores per cpu, 1 threads per core) family 16 model 4 stepping 3, cmov, cx8, fxsr, mmx, sse, sse2, sse3, popcnt, mmxext, 3dnowpref, lzcnt, sse4a, tsc, tscinvbit, tscinv

Memory: 4k page, system-wide physical 3965M (552M free)
TotalPageFile size 6781M (AvailPageFile size 1770M)
current process WorkingSet (physical memory assigned to process): 104M, peak: 106M
current process commit charge ("private bytes"): 161M, peak: 164M

vm_info: Java HotSpot(TM) 64-Bit Server VM (11.0.3+12-LTS) for windows-amd64 JRE (11.0.3+12-LTS), built on Apr  2 2019 12:43:09 by "mach5one" with MS VC++ 15.5 (VS2017)

END.
